<?xml version="1.0" encoding="UTF-8"?>
<testsuite xmlns:xsi="http://www.w3.org/2001/XMLSchema-instance" xsi:noNamespaceSchemaLocation="https://maven.apache.org/surefire/maven-surefire-plugin/xsd/surefire-test-report.xsd" name="com.kelvinpiroddi.AppTest" time="0.003" tests="1" errors="0" skipped="0" failures="0">
  <properties>
    <property name="gopherProxySet" value="false"/>
    <property name="awt.toolkit" value="sun.lwawt.macosx.LWCToolkit"/>
    <property name="java.specification.version" value="11"/>
    <property name="sun.cpu.isalist" value=""/>
    <property name="sun.jnu.encoding" value="UTF-8"/>
    <property name="java.class.path" value="/Users/kelvin/Desktop/Medium/Java Lambda/javaLambda/target/test-classes:/Users/kelvin/Desktop/Medium/Java Lambda/javaLambda/target/classes:/Users/kelvin/.m2/repository/junit/junit/3.8.1/junit-3.8.1.jar:/Users/kelvin/.m2/repository/com/amazonaws/aws-lambda-java-core/1.1.0/aws-lambda-java-core-1.1.0.jar:/Users/kelvin/.m2/repository/com/amazonaws/aws-lambda-java-events/1.3.0/aws-lambda-java-events-1.3.0.jar:/Users/kelvin/.m2/repository/com/amazonaws/aws-java-sdk-s3/1.11.0/aws-java-sdk-s3-1.11.0.jar:/Users/kelvin/.m2/repository/com/amazonaws/aws-java-sdk-kms/1.11.0/aws-java-sdk-kms-1.11.0.jar:/Users/kelvin/.m2/repository/com/amazonaws/aws-java-sdk-core/1.11.0/aws-java-sdk-core-1.11.0.jar:/Users/kelvin/.m2/repository/commons-logging/commons-logging/1.1.3/commons-logging-1.1.3.jar:/Users/kelvin/.m2/repository/org/apache/httpcomponents/httpclient/4.5.2/httpclient-4.5.2.jar:/Users/kelvin/.m2/repository/org/apache/httpcomponents/httpcore/4.4.4/httpcore-4.4.4.jar:/Users/kelvin/.m2/repository/commons-codec/commons-codec/1.9/commons-codec-1.9.jar:/Users/kelvin/.m2/repository/com/fasterxml/jackson/core/jackson-databind/2.5.3/jackson-databind-2.5.3.jar:/Users/kelvin/.m2/repository/com/fasterxml/jackson/core/jackson-annotations/2.5.0/jackson-annotations-2.5.0.jar:/Users/kelvin/.m2/repository/com/fasterxml/jackson/core/jackson-core/2.5.3/jackson-core-2.5.3.jar:/Users/kelvin/.m2/repository/com/fasterxml/jackson/dataformat/jackson-dataformat-cbor/2.5.3/jackson-dataformat-cbor-2.5.3.jar:/Users/kelvin/.m2/repository/joda-time/joda-time/2.8.1/joda-time-2.8.1.jar:/Users/kelvin/.m2/repository/com/amazonaws/aws-java-sdk-sns/1.11.0/aws-java-sdk-sns-1.11.0.jar:/Users/kelvin/.m2/repository/com/amazonaws/aws-java-sdk-sqs/1.11.0/aws-java-sdk-sqs-1.11.0.jar:/Users/kelvin/.m2/repository/com/amazonaws/aws-java-sdk-cognitoidentity/1.11.0/aws-java-sdk-cognitoidentity-1.11.0.jar:/Users/kelvin/.m2/repository/com/amazonaws/aws-java-sdk-kinesis/1.11.0/aws-java-sdk-kinesis-1.11.0.jar:/Users/kelvin/.m2/repository/com/amazonaws/aws-java-sdk-dynamodb/1.11.0/aws-java-sdk-dynamodb-1.11.0.jar:"/>
    <property name="java.vm.vendor" value="Oracle Corporation"/>
    <property name="sun.arch.data.model" value="64"/>
    <property name="java.vendor.url" value="http://java.oracle.com/"/>
    <property name="user.timezone" value=""/>
    <property name="java.vm.specification.version" value="11"/>
    <property name="os.name" value="Mac OS X"/>
    <property name="sun.java.launcher" value="SUN_STANDARD"/>
    <property name="user.country" value="ZA"/>
    <property name="sun.boot.library.path" value="/Library/Java/JavaVirtualMachines/jdk-11.0.4.jdk/Contents/Home/lib"/>
    <property name="sun.java.command" value="/Users/kelvin/Desktop/Medium/Java Lambda/javaLambda/target/surefire/surefirebooter13884525241836176276.jar /Users/kelvin/Desktop/Medium/Java Lambda/javaLambda/target/surefire 2019-11-14T21-40-39_456-jvmRun1 surefire14484256047391775056tmp surefire_013918604490932240011tmp"/>
    <property name="http.nonProxyHosts" value="local|*.local|169.254/16|*.169.254/16"/>
    <property name="jdk.debug" value="release"/>
    <property name="surefire.test.class.path" value="/Users/kelvin/Desktop/Medium/Java Lambda/javaLambda/target/test-classes:/Users/kelvin/Desktop/Medium/Java Lambda/javaLambda/target/classes:/Users/kelvin/.m2/repository/junit/junit/3.8.1/junit-3.8.1.jar:/Users/kelvin/.m2/repository/com/amazonaws/aws-lambda-java-core/1.1.0/aws-lambda-java-core-1.1.0.jar:/Users/kelvin/.m2/repository/com/amazonaws/aws-lambda-java-events/1.3.0/aws-lambda-java-events-1.3.0.jar:/Users/kelvin/.m2/repository/com/amazonaws/aws-java-sdk-s3/1.11.0/aws-java-sdk-s3-1.11.0.jar:/Users/kelvin/.m2/repository/com/amazonaws/aws-java-sdk-kms/1.11.0/aws-java-sdk-kms-1.11.0.jar:/Users/kelvin/.m2/repository/com/amazonaws/aws-java-sdk-core/1.11.0/aws-java-sdk-core-1.11.0.jar:/Users/kelvin/.m2/repository/commons-logging/commons-logging/1.1.3/commons-logging-1.1.3.jar:/Users/kelvin/.m2/repository/org/apache/httpcomponents/httpclient/4.5.2/httpclient-4.5.2.jar:/Users/kelvin/.m2/repository/org/apache/httpcomponents/httpcore/4.4.4/httpcore-4.4.4.jar:/Users/kelvin/.m2/repository/commons-codec/commons-codec/1.9/commons-codec-1.9.jar:/Users/kelvin/.m2/repository/com/fasterxml/jackson/core/jackson-databind/2.5.3/jackson-databind-2.5.3.jar:/Users/kelvin/.m2/repository/com/fasterxml/jackson/core/jackson-annotations/2.5.0/jackson-annotations-2.5.0.jar:/Users/kelvin/.m2/repository/com/fasterxml/jackson/core/jackson-core/2.5.3/jackson-core-2.5.3.jar:/Users/kelvin/.m2/repository/com/fasterxml/jackson/dataformat/jackson-dataformat-cbor/2.5.3/jackson-dataformat-cbor-2.5.3.jar:/Users/kelvin/.m2/repository/joda-time/joda-time/2.8.1/joda-time-2.8.1.jar:/Users/kelvin/.m2/repository/com/amazonaws/aws-java-sdk-sns/1.11.0/aws-java-sdk-sns-1.11.0.jar:/Users/kelvin/.m2/repository/com/amazonaws/aws-java-sdk-sqs/1.11.0/aws-java-sdk-sqs-1.11.0.jar:/Users/kelvin/.m2/repository/com/amazonaws/aws-java-sdk-cognitoidentity/1.11.0/aws-java-sdk-cognitoidentity-1.11.0.jar:/Users/kelvin/.m2/repository/com/amazonaws/aws-java-sdk-kinesis/1.11.0/aws-java-sdk-kinesis-1.11.0.jar:/Users/kelvin/.m2/repository/com/amazonaws/aws-java-sdk-dynamodb/1.11.0/aws-java-sdk-dynamodb-1.11.0.jar:"/>
    <property name="sun.cpu.endian" value="little"/>
    <property name="user.home" value="/Users/kelvin"/>
    <property name="user.language" value="en"/>
    <property name="java.specification.vendor" value="Oracle Corporation"/>
    <property name="java.version.date" value="2019-07-16"/>
    <property name="java.home" value="/Library/Java/JavaVirtualMachines/jdk-11.0.4.jdk/Contents/Home"/>
    <property name="file.separator" value="/"/>
    <property name="basedir" value="/Users/kelvin/Desktop/Medium/Java Lambda/javaLambda"/>
    <property name="java.vm.compressedOopsMode" value="Zero based"/>
    <property name="line.separator" value="&#10;"/>
    <property name="java.specification.name" value="Java Platform API Specification"/>
    <property name="java.vm.specification.vendor" value="Oracle Corporation"/>
    <property name="java.awt.graphicsenv" value="sun.awt.CGraphicsEnvironment"/>
    <property name="surefire.real.class.path" value="/Users/kelvin/Desktop/Medium/Java Lambda/javaLambda/target/surefire/surefirebooter13884525241836176276.jar"/>
    <property name="sun.management.compiler" value="HotSpot 64-Bit Tiered Compilers"/>
    <property name="ftp.nonProxyHosts" value="local|*.local|169.254/16|*.169.254/16"/>
    <property name="java.runtime.version" value="11.0.4+10-LTS"/>
    <property name="user.name" value="kelvin"/>
    <property name="path.separator" value=":"/>
    <property name="os.version" value="10.14.6"/>
    <property name="java.runtime.name" value="Java(TM) SE Runtime Environment"/>
    <property name="file.encoding" value="US-ASCII"/>
    <property name="java.vm.name" value="Java HotSpot(TM) 64-Bit Server VM"/>
    <property name="java.vendor.version" value="18.9"/>
    <property name="localRepository" value="/Users/kelvin/.m2/repository"/>
    <property name="java.vendor.url.bug" value="http://bugreport.java.com/bugreport/"/>
    <property name="java.io.tmpdir" value="/var/folders/sr/fqstx0xj4llb4byhykg_0sfm0000gn/T/"/>
    <property name="java.version" value="11.0.4"/>
    <property name="user.dir" value="/Users/kelvin/Desktop/Medium/Java Lambda/javaLambda"/>
    <property name="os.arch" value="x86_64"/>
    <property name="java.vm.specification.name" value="Java Virtual Machine Specification"/>
    <property name="java.awt.printerjob" value="sun.lwawt.macosx.CPrinterJob"/>
    <property name="sun.os.patch.level" value="unknown"/>
    <property name="java.library.path" value="/Users/kelvin/Library/Java/Extensions:/Library/Java/Extensions:/Network/Library/Java/Extensions:/System/Library/Java/Extensions:/usr/lib/java:."/>
    <property name="java.vendor" value="Oracle Corporation"/>
    <property name="java.vm.info" value="mixed mode"/>
    <property name="java.vm.version" value="11.0.4+10-LTS"/>
    <property name="sun.io.unicode.encoding" value="UnicodeBig"/>
    <property name="java.class.version" value="55.0"/>
    <property name="socksNonProxyHosts" value="local|*.local|169.254/16|*.169.254/16"/>
  </properties>
  <testcase name="testApp" classname="com.kelvinpiroddi.AppTest" time="0"/>
</testsuite>